<?xml version="1.0" encoding="UTF-8"?>
<testsuite xmlns:xsi="http://www.w3.org/2001/XMLSchema-instance" xsi:noNamespaceSchemaLocation="https://maven.apache.org/surefire/maven-surefire-plugin/xsd/surefire-test-report-3.0.xsd" version="3.0" name="com.example.hungerbox.HungerboxApplicationTests" time="9.36" tests="1" errors="0" skipped="0" failures="0">
  <properties>
[...]
</properties>
  <testcase name="contextLoads" classname="com.example.hungerbox.HungerboxApplicationTests" time="0.751">
    <system-out><![CDATA[08:46:52.531 [main] INFO org.springframework.test.context.support.AnnotationConfigContextLoaderUtils -- Could not detect default configuration classes for test class [com.example.hungerbox.HungerboxApplicationTests]: HungerboxApplicationTests does not declare any static, non-private, non-final, nested classes annotated with @Configuration.
08:46:52.726 [main] INFO org.springframework.boot.test.context.SpringBootTestContextBootstrapper -- Found @SpringBootConfiguration com.example.hungerbox.HungerboxApplication for test class com.example.hungerbox.HungerboxApplicationTests
  .   ____          _            __ _ _
 /\\ / ___'_ __ _ _(_)_ __  __ _ \ \ \ \
( ( )\___ | '_ | '_| | '_ \/ _` | \ \ \ \
 \\/  ___)| |_)| | | | | || (_| |  ) ) ) )
  '  |____| .__|_| |_|_| |_\__, | / / / /
 =========|_|==============|___/=/_/_/_/

 :: Spring Boot ::                (v3.3.0)

2024-06-20T08:46:53.623+05:30  INFO 3110 --- [hungerbox] [           main] c.e.hungerbox.HungerboxApplicationTests  : Starting HungerboxApplicationTests using Java 20.0.2 with PID 3110 (started by js in /Users/js/Downloads/hungerbox)
2024-06-20T08:46:53.625+05:30  INFO 3110 --- [hungerbox] [           main] c.e.hungerbox.HungerboxApplicationTests  : The following 1 profile is active: "test"
2024-06-20T08:46:55.208+05:30  INFO 3110 --- [hungerbox] [           main] .s.d.r.c.RepositoryConfigurationDelegate : Bootstrapping Spring Data JPA repositories in DEFAULT mode.
2024-06-20T08:46:55.306+05:30  INFO 3110 --- [hungerbox] [           main] .s.d.r.c.RepositoryConfigurationDelegate : Finished Spring Data repository scanning in 85 ms. Found 1 JPA repository interface.
2024-06-20T08:46:55.993+05:30  INFO 3110 --- [hungerbox] [           main] o.hibernate.jpa.internal.util.LogHelper  : HHH000204: Processing PersistenceUnitInfo [name: default]
2024-06-20T08:46:56.093+05:30  INFO 3110 --- [hungerbox] [           main] org.hibernate.Version                    : HHH000412: Hibernate ORM core version 6.5.2.Final
2024-06-20T08:46:56.153+05:30  INFO 3110 --- [hungerbox] [           main] o.h.c.internal.RegionFactoryInitiator    : HHH000026: Second-level cache disabled
2024-06-20T08:46:56.710+05:30  INFO 3110 --- [hungerbox] [           main] o.s.o.j.p.SpringPersistenceUnitInfo      : No LoadTimeWeaver setup: ignoring JPA class transformer
2024-06-20T08:46:56.753+05:30  INFO 3110 --- [hungerbox] [           main] com.zaxxer.hikari.HikariDataSource       : HikariPool-1 - Starting...
2024-06-20T08:46:57.469+05:30  INFO 3110 --- [hungerbox] [           main] com.zaxxer.hikari.pool.HikariPool        : HikariPool-1 - Added connection com.mysql.cj.jdbc.ConnectionImpl@4f581211
2024-06-20T08:46:57.472+05:30  INFO 3110 --- [hungerbox] [           main] com.zaxxer.hikari.HikariDataSource       : HikariPool-1 - Start completed.
2024-06-20T08:46:58.970+05:30  INFO 3110 --- [hungerbox] [           main] o.h.e.t.j.p.i.JtaPlatformInitiator       : HHH000489: No JTA platform available (set 'hibernate.transaction.jta.platform' to enable JTA platform integration)
2024-06-20T08:46:59.140+05:30  INFO 3110 --- [hungerbox] [           main] j.LocalContainerEntityManagerFactoryBean : Initialized JPA EntityManagerFactory for persistence unit 'default'
2024-06-20T08:46:59.839+05:30  WARN 3110 --- [hungerbox] [           main] JpaBaseConfiguration$JpaWebConfiguration : spring.jpa.open-in-view is enabled by default. Therefore, database queries may be performed during view rendering. Explicitly configure spring.jpa.open-in-view to disable this warning
2024-06-20T08:47:00.733+05:30  INFO 3110 --- [hungerbox] [           main] c.e.hungerbox.HungerboxApplicationTests  : Started HungerboxApplicationTests in 7.654 seconds (process running for 9.405)
]]></system-out>
  </testcase>
</testsuite>